<?xml version="1.0" encoding="UTF-8"?>
<testsuite xmlns:xsi="http://www.w3.org/2001/XMLSchema-instance" xsi:noNamespaceSchemaLocation="https://maven.apache.org/surefire/maven-surefire-plugin/xsd/surefire-test-report.xsd" name="ambovombe.AppTest" time="0.022" tests="1" errors="1" skipped="0" failures="0">
  <properties>
[...]
</properties>
  <testcase name="initializationError" classname="ambovombe.AppTest" time="0.007">
    <error message="Test class can only have one constructor" type="java.lang.IllegalArgumentException">java.lang.IllegalArgumentException: Test class can only have one constructor
</error>
  </testcase>
</testsuite>